     1                                  ; NAME: Hayden Amazon
     2                                  ; Assignment: P1: Data Storage
     3                                  ; Date: 9/22/23
     4                                  ; Etc...Dr. Allen?
     5                                  
     6                                  SECTION .data
     7                                  ; define data/variables here.  Think DB, DW, DD, DQ
     8                                  
     9                                  
    10 00000000 0B                      a: 	DB	11
    11 00000001 0300                    b: 	DW	11b
    12 00000003 11000000                c:	DD	11h
    13 00000007 0900000000000000        d:	DQ	11q
    14 0000000F FBFF                    e:	DW	-5
    15 00000011 435343333232            f:	DB	'CSC322'
    16 00000017 486F776479              g:	DB	'Howdy'
    17 0000001C 486F77647900            h:	DW	'Howdy'
    18 00000022 010203                  i:	DB	1,2,3
    19 00000025 0A0000000B0000000C-     j:	dd	10,11,12,14
    20 0000002E 0000000E000000     
    21                                  ;
    22 00000035 0B000D000F001100        a2: 	DW	11,13,15,17
    23 0000003D 0B0D0F12                b2: 	DB	11,13,15,18
    24 00000041 64000000C80000002C-     c2:	DD	100,200,300
    25 0000004A 010000             
    26 0000004D 4523010000000000        d2:	DQ	12345h
    27                                  ;
    28 00000055 CE                      a3: 	DB	-50
    29 00000056 D3FF                    b3: 	DW	-45
    30 00000058 E2                      c3:	DB	-30
    31 00000059 E7FF                    d3:	DW	-25
    32 0000005B ECFFFFFF                e3:	DD	-20
    33                                  ;
    34 0000005F 4265617273              a4: 	DB	'Bears'
    35 00000064 64000000                b4: 	DD	100
    36 00000068 0000                    c4:	DW	0
    37 0000006A 476F20                  d4:	DB	'Go ' ;space after o
    38 0000006D 4D657263657221          e4:	DB	'Mercer!'
    39                                  ;
    40 00000074 6400                    a5: 	DW	100
    41 00000076 0001                    b5: 	DW	100h
    42 00000078 0400                    c5:	DW	100b
    43 0000007A 4000                    d5:	DW	100q
    44 0000007C 6400                    e5:	DW	100d
    45                                  
    46                                  
    47                                  
    48                                  
    49                                  SECTION .bss
    50                                  ; define uninitialized data here
    51                                  
    52                                  SECTION .text
    53                                  global _main
    54                                  _main:
    55                                  
    56                                  ; put your code here.
    57                                  
    58                                  
    59                                  
    60                                  ; Normal termination code
    61 00000000 B801000000              mov eax, 1
    62 00000005 BB00000000              mov ebx, 0
    63 0000000A CD80                    int 80h
