     1                                  ; hayden amazon
     2                                  ; p7
     3                                  ; 10/31/23
     4                                  ; Etc...Halloween
     5                                  
     6                                  ROWS: EQU 80
     7                                  COLS: EQU 24
     8                                  
     9                                  SECTION .data
    10                                  ; define data/variables here.  Think DB, DW, DD, DQ
    11                                  
    12 00000000 50000000                CURRROW: dd ROWS
    13 00000004 00000000                CURRCOL: dd 0
    14                                  
    15 00000008 200E210F2210231124-     surprise:  db 32, 14, 33, 15, 34, 16, 35, 17, 36, 18, 37, 19, 38, 20, 39, 21, 40, 22, 41, 23
    16 00000011 122513261427152816-
    17 0000001A 2917               
    18 0000001C 2A182B192C1A2D1B2E-     	db 42, 24, 43, 25, 44, 26, 45, 27, 46, 28, 47, 29, 48, 30, 49, 31, 50, 32, 51, 33
    19 00000025 1C2F1D301E311F3220-
    20 0000002E 3321               
    21 00000030 342235233624372538-     	db 52, 34, 53, 35, 54, 36, 55, 37, 56, 38, 57, 39, 58, 40, 59, 41, 60, 42, 61, 43
    22 00000039 2639273A283B293C2A-
    23 00000042 3D2B               
    24 00000044 3E2C3F2D402E412F42-     	db 62, 44, 63, 45, 64, 46, 65, 47, 66, 48, 67, 49, 142, 50, 124, 51, 125, 52, 71, 53
    25 0000004D 3043318E327C337D34-
    26 00000056 4735               
    27 00000058 483689374C384D3965-     	db 72, 54, 137, 55, 76, 56, 77, 57, 101, 58, 132, 59, 148, 60, 79, 61, 80, 62, 81, 63
    28 00000061 3A843B943C4F3D503E-
    29 0000006A 513F               
    30 0000006C 524053415442554356-     	db 82, 64, 83, 65, 84, 66, 85, 67, 86, 68, 87, 69, 88, 70, 89, 71, 90, 72, 91, 73
    31 00000075 445745584659475A48-
    32 0000007E 5B49               
    33 00000080 5C4A5D4B5E4C5F4D60-     	db 92, 74, 93, 75, 94, 76, 95, 77, 96, 78, 97, 79, 98, 80, 99, 81, 100, 82, 101, 83
    34 00000089 4E614F625063516452-
    35 00000092 6553               
    36 00000094 66546755685669576A-     	db 102, 84, 103, 85, 104, 86, 105, 87, 106, 88, 107, 89, 108, 90, 109, 91, 110, 92, 111, 93
    37 0000009D 586B596C5A6D5B6E5C-
    38 000000A6 6F5D               
    39 000000A8 200E210F2210231124-     	db 32, 14, 33, 15, 34, 16, 35, 17, 36, 18, 37, 19, 38, 20, 39, 21, 40, 22, 41, 23
    40 000000B1 122513261427152816-
    41 000000BA 2917               
    42 000000BC 2A182B192C1A2D1B2E-     	db 42, 24, 43, 25, 44, 26, 45, 27, 46, 28, 47, 29, 48, 30, 49, 31, 50, 32, 51, 33
    43 000000C5 1C2F1D301E311F3220-
    44 000000CE 3321               
    45 000000D0 342235233624372538-     	db 52, 34, 53, 35, 54, 36, 55, 37, 56, 38, 57, 39, 58, 40, 59, 41, 60, 42, 61, 43
    46 000000D9 2639273A283B293C2A-
    47 000000E2 3D2B               
    48 000000E4 3E2C3F2D402E412F42-     	db 62, 44, 63, 45, 64, 46, 65, 47, 66, 48, 67, 49, 131, 50, 72, 51, 125, 52, 126, 53
    49 000000ED 304331833248337D34-
    50 000000F6 7E35               
    51 000000F8 7F3649374A384B394C-     	db 127, 54, 73, 55, 74, 56, 75, 57, 76, 58, 77, 59, 119, 60, 134, 61, 80, 62, 81, 63
    52 00000101 3A4D3B773C863D503E-
    53 0000010A 513F               
    54 0000010C 524053415442554356-     	db 82, 64, 83, 65, 84, 66, 85, 67, 86, 68, 87, 69, 88, 70, 89, 71, 90, 72, 91, 73
    55 00000115 445745584659475A48-
    56 0000011E 5B49               
    57 00000120 5C4A5D4B5E4C5F4D60-     	db 92, 74, 93, 75, 94, 76, 95, 77, 96, 78, 97, 79, 98, 80, 99, 81, 100, 82, 101, 83
    58 00000129 4E614F625063516452-
    59 00000132 6553               
    60 00000134 66546755685669576A-     	db 102, 84, 103, 85, 104, 86, 105, 87, 106, 88, 107, 89, 108, 90, 109, 91, 110, 92, 111, 93
    61 0000013D 586B596C5A6D5B6E5C-
    62 00000146 6F5D               
    63 00000148 200E210F2210231124-     	db 32, 14, 33, 15, 34, 16, 35, 17, 36, 18, 37, 19, 38, 20, 39, 21, 40, 22, 41, 23
    64 00000151 122513261427152816-
    65 0000015A 2917               
    66 0000015C 2A182B192C1A2D1B2E-     	db 42, 24, 43, 25, 44, 26, 45, 27, 46, 28, 47, 29, 48, 30, 49, 31, 50, 32, 51, 33
    67 00000165 1C2F1D301E311F3220-
    68 0000016E 3321               
    69 00000170 342235233624372538-     	db 52, 34, 53, 35, 54, 36, 55, 37, 56, 38, 57, 39, 58, 40, 59, 41, 60, 42, 61, 43
    70 00000179 2639273A283B293C2A-
    71 00000182 3D2B               
    72 00000184 3E2C3F2D402E412F42-     	db 62, 44, 63, 45, 64, 46, 65, 47, 66, 48, 141, 49, 123, 50, 124, 51, 125, 52, 126, 53
    73 0000018D 308D317B327C337D34-
    74 00000196 7E35               
    75 00000198 7F3649374A384B394C-     	db 127, 54, 73, 55, 74, 56, 75, 57, 76, 58, 77, 59, 119, 60, 134, 61, 80, 62, 81, 63
    76 000001A1 3A4D3B773C863D503E-
    77 000001AA 513F               
    78 000001AC 524053415442554356-     	db 82, 64, 83, 65, 84, 66, 85, 67, 86, 68, 87, 69, 88, 70, 89, 71, 90, 72, 91, 73
    79 000001B5 445745584659475A48-
    80 000001BE 5B49               
    81 000001C0 5C4A5D4B5E4C5F4D60-     	db 92, 74, 93, 75, 94, 76, 95, 77, 96, 78, 97, 79, 98, 80, 99, 81, 100, 82, 101, 83
    82 000001C9 4E614F625063516452-
    83 000001D2 6553               
    84 000001D4 66546755685669576A-     	db 102, 84, 103, 85, 104, 86, 105, 87, 106, 88, 107, 89, 108, 90, 109, 91, 110, 92, 111, 93
    85 000001DD 586B596C5A6D5B6E5C-
    86 000001E6 6F5D               
    87 000001E8 200E210F2210231124-     	db 32, 14, 33, 15, 34, 16, 35, 17, 36, 18, 37, 19, 38, 20, 39, 21, 40, 22, 41, 23
    88 000001F1 122513261427152816-
    89 000001FA 2917               
    90 000001FC 2A182B192C1A2D1B2E-     	db 42, 24, 43, 25, 44, 26, 45, 27, 46, 28, 47, 29, 48, 30, 49, 31, 50, 32, 51, 33
    91 00000205 1C2F1D301E311F3220-
    92 0000020E 3321               
    93 00000210 342235233624372538-     	db 52, 34, 53, 35, 54, 36, 55, 37, 56, 38, 57, 39, 58, 40, 122, 41, 123, 42, 73, 43
    94 00000219 2639273A287A297B2A-
    95 00000222 492B               
    96 00000224 972C982D992E9A2F9B-     	db 151, 44, 152, 45, 153, 46, 154, 47, 155, 48, 122, 49, 123, 50, 124, 51, 125, 52, 126, 53
    97 0000022D 307A317B327C337D34-
    98 00000236 7E35               
    99 00000238 483649374A384B394C-     	db 72, 54, 73, 55, 74, 56, 75, 57, 76, 58, 118, 59, 133, 60, 168, 61, 169, 62, 170, 63
   100 00000241 3A763B853CA83DA93E-
   101 0000024A AA3F               
   102 0000024C AB4092419342944356-     	db 171, 64, 146, 65, 147, 66, 148, 67, 86, 68, 87, 69, 88, 70, 89, 71, 90, 72, 91, 73
   103 00000255 445745584659475A48-
   104 0000025E 5B49               
   105 00000260 5C4A5D4B5E4C5F4D60-     	db 92, 74, 93, 75, 94, 76, 95, 77, 96, 78, 97, 79, 98, 80, 99, 81, 100, 82, 101, 83
   106 00000269 4E614F625063516452-
   107 00000272 6553               
   108 00000274 66546755685669576A-     	db 102, 84, 103, 85, 104, 86, 105, 87, 106, 88, 107, 89, 108, 90, 109, 91, 110, 92, 111, 93
   109 0000027D 586B596C5A6D5B6E5C-
   110 00000286 6F5D               
   111 00000288 200E210F2210231124-     	db 32, 14, 33, 15, 34, 16, 35, 17, 36, 18, 37, 19, 38, 20, 39, 21, 40, 22, 41, 23
   112 00000291 122513261427152816-
   113 0000029A 2917               
   114 0000029C 2A182B192C1A2D1B2E-     	db 42, 24, 43, 25, 44, 26, 45, 27, 46, 28, 47, 29, 48, 30, 49, 31, 50, 32, 51, 33
   115 000002A5 1C2F1D301E311F3220-
   116 000002AE 3321               
   117 000002B0 342235237524812591-     	db 52, 34, 53, 35, 117, 36, 129, 37, 145, 38, 112, 39, 113, 40, 107, 41, 62, 42, 123, 43
   118 000002B9 26702771286B293E2A-
   119 000002C2 7B2B               
   120 000002C4 7E2C7F2D422E812F50-     	db 126, 44, 127, 45, 66, 46, 129, 47, 80, 48, 102, 49, 70, 50, 94, 51, 80, 52, 83, 53
   121 000002CD 30663146325E335034-
   122 000002D6 5335               
   123 000002D8 723649378938593999-     	db 114, 54, 73, 55, 137, 56, 89, 57, 153, 58, 158, 59, 114, 60, 105, 61, 142, 62, 143, 63
   124 000002E1 3A9E3B723C693D8E3E-
   125 000002EA 8F3F               
   126 000002EC 54408A418B428C438D-     	db 84, 64, 138, 65, 139, 66, 140, 67, 141, 68, 142, 69, 143, 70, 138, 71, 161, 72, 154, 73
   127 000002F5 448E458F468A47A148-
   128 000002FE 9A49               
   129 00000300 9B4A5D4B5E4C5F4D60-     	db 155, 74, 93, 75, 94, 76, 95, 77, 96, 78, 97, 79, 98, 80, 99, 81, 100, 82, 101, 83
   130 00000309 4E614F625063516452-
   131 00000312 6553               
   132 00000314 66546755685669576A-     	db 102, 84, 103, 85, 104, 86, 105, 87, 106, 88, 107, 89, 108, 90, 109, 91, 110, 92, 111, 93
   133 0000031D 586B596C5A6D5B6E5C-
   134 00000326 6F5D               
   135 00000328 200E210F2210231124-     	db 32, 14, 33, 15, 34, 16, 35, 17, 36, 18, 37, 19, 38, 20, 39, 21, 40, 22, 41, 23
   136 00000331 122513261427152816-
   137 0000033A 2917               
   138 0000033C 2A182B192C1A2D1B2E-     	db 42, 24, 43, 25, 44, 26, 45, 27, 46, 28, 47, 29, 48, 30, 49, 31, 50, 32, 51, 33
   139 00000345 1C2F1D301E311F3220-
   140 0000034E 3321               
   141 00000350 7E227C236D24392576-     	db 126, 34, 124, 35, 109, 36, 57, 37, 118, 38, 71, 39, 93, 40, 74, 41, 62, 42, 61, 43
   142 00000359 2647275D284A293E2A-
   143 00000362 3D2B               
   144 00000364 3E2C3F2D402E4F2F65-     	db 62, 44, 63, 45, 64, 46, 79, 47, 101, 48, 74, 49, 68, 50, 69, 51, 70, 52, 71, 53
   145 0000036D 304A31443245334634-
   146 00000376 4735               
   147 00000378 483672374A384B394C-     	db 72, 54, 114, 55, 74, 56, 75, 57, 76, 58, 77, 59, 142, 60, 115, 61, 94, 62, 81, 63
   148 00000381 3A4D3B8E3C733D5E3E-
   149 0000038A 513F               
   150 0000038C 52405341544255435D-     	db 82, 64, 83, 65, 84, 66, 85, 67, 93, 68, 123, 69, 102, 70, 152, 71, 92, 72, 146, 73
   151 00000395 447B45664698475C48-
   152 0000039E 9249               
   153 000003A0 8D4AA44B9D4C5F4D60-     	db 141, 74, 164, 75, 157, 76, 95, 77, 96, 78, 97, 79, 98, 80, 99, 81, 100, 82, 101, 83
   154 000003A9 4E614F625063516452-
   155 000003B2 6553               
   156 000003B4 66546755685669576A-     	db 102, 84, 103, 85, 104, 86, 105, 87, 106, 88, 107, 89, 108, 90, 109, 91, 110, 92, 111, 93
   157 000003BD 586B596C5A6D5B6E5C-
   158 000003C6 6F5D               
   159 000003C8 200E210F2210231124-     	db 32, 14, 33, 15, 34, 16, 35, 17, 36, 18, 37, 19, 38, 20, 39, 21, 40, 22, 41, 23
   160 000003D1 122513261427152816-
   161 000003DA 2917               
   162 000003DC 2A182B192C1A2D1B2E-     	db 42, 24, 43, 25, 44, 26, 45, 27, 46, 28, 47, 29, 48, 30, 49, 31, 124, 32, 106, 33
   163 000003E5 1C2F1D301E311F7C20-
   164 000003EE 6A21               
   165 000003F0 64227523362445255B-     	db 100, 34, 117, 35, 54, 36, 69, 37, 91, 38, 59, 39, 58, 40, 59, 41, 60, 42, 61, 43
   166 000003F9 263B273A283B293C2A-
   167 00000402 3D2B               
   168 00000404 3E2C3F2D402E642F49-     	db 62, 44, 63, 45, 64, 46, 100, 47, 73, 48, 67, 49, 68, 50, 69, 51, 70, 52, 71, 53
   169 0000040D 304331443245334634-
   170 00000416 4735               
   171 00000418 483672374A384B394C-     	db 72, 54, 114, 55, 74, 56, 75, 57, 76, 58, 77, 59, 78, 60, 143, 61, 116, 62, 95, 63
   172 00000421 3A4D3B4E3C8F3D743E-
   173 0000042A 5F3F               
   174 0000042C 914053415442554356-     	db 145, 64, 83, 65, 84, 66, 85, 67, 86, 68, 87, 69, 152, 70, 125, 71, 104, 72, 154, 73
   175 00000435 44574598467D476848-
   176 0000043E 9A49               
   177 00000440 5C4A5F4B8F4CA64D9F-     	db 92, 74, 95, 75, 143, 76, 166, 77, 159, 78, 97, 79, 98, 80, 99, 81, 100, 82, 101, 83
   178 00000449 4E614F625063516452-
   179 00000452 6553               
   180 00000454 66546755685669576A-     	db 102, 84, 103, 85, 104, 86, 105, 87, 106, 88, 107, 89, 108, 90, 109, 91, 110, 92, 111, 93
   181 0000045D 586B596C5A6D5B6E5C-
   182 00000466 6F5D               
   183 00000468 200E210F2210231124-     	db 32, 14, 33, 15, 34, 16, 35, 17, 36, 18, 37, 19, 38, 20, 39, 21, 40, 22, 41, 23
   184 00000471 122513261427152816-
   185 0000047A 2917               
   186 0000047C 2A182B192C1A2D1B2E-     	db 42, 24, 43, 25, 44, 26, 45, 27, 46, 28, 47, 29, 122, 30, 98, 31, 98, 32, 115, 33
   187 00000485 1C2F1D7A1E621F6220-
   188 0000048E 7321               
   189 00000490 3422352344245A2538-     	db 52, 34, 53, 35, 68, 36, 90, 37, 56, 38, 57, 39, 58, 40, 59, 41, 72, 42, 129, 43
   190 00000499 2639273A283B29482A-
   191 000004A2 812B               
   192 000004A4 7C2C7D2D822E4F2F81-     	db 124, 44, 125, 45, 130, 46, 79, 47, 129, 48, 67, 49, 68, 50, 69, 51, 70, 52, 71, 53
   193 000004AD 304331443245334634-
   194 000004B6 4735               
   195 000004B8 483672374A384B394C-     	db 72, 54, 114, 55, 74, 56, 75, 57, 76, 58, 77, 59, 78, 60, 79, 61, 143, 62, 95, 63
   196 000004C1 3A4D3B4E3C4F3D8F3E-
   197 000004CA 5F3F               
   198 000004CC 964091419242974364-     	db 150, 64, 145, 65, 146, 66, 151, 67, 100, 68, 87, 69, 88, 70, 89, 71, 154, 72, 127, 73
   199 000004D5 445745584659479A48-
   200 000004DE 7F49               
   201 000004E0 6A4A9C4B5E4C614D91-     	db 106, 74, 156, 75, 94, 76, 97, 77, 145, 78, 168, 79, 98, 80, 99, 81, 100, 82, 101, 83
   202 000004E9 4EA84F625063516452-
   203 000004F2 6553               
   204 000004F4 66546755685669576A-     	db 102, 84, 103, 85, 104, 86, 105, 87, 106, 88, 107, 89, 108, 90, 109, 91, 110, 92, 111, 93
   205 000004FD 586B596C5A6D5B6E5C-
   206 00000506 6F5D               
   207 00000508 200E210F2210231124-     	db 32, 14, 33, 15, 34, 16, 35, 17, 36, 18, 37, 19, 38, 20, 39, 21, 40, 22, 41, 23
   208 00000511 122513261427152816-
   209 0000051A 2917               
   210 0000051C 2A182B192C1A2D1B2E-     	db 42, 24, 43, 25, 44, 26, 45, 27, 46, 28, 121, 29, 97, 30, 111, 31, 50, 32, 51, 33
   211 00000525 1C791D611E6F1F3220-
   212 0000052E 3321               
   213 00000530 422258233824372538-     	db 66, 34, 88, 35, 56, 36, 55, 37, 56, 38, 57, 39, 73, 40, 123, 41, 60, 42, 61, 43
   214 00000539 26392749287B293C2A-
   215 00000542 3D2B               
   216 00000544 3E2C4D2D4B2E432F42-     	db 62, 44, 77, 45, 75, 46, 67, 47, 66, 48, 127, 49, 68, 50, 69, 51, 70, 52, 71, 53
   217 0000054D 307F31443245334634-
   218 00000556 4735               
   219 00000558 483672374A384B394C-     	db 72, 54, 114, 55, 74, 56, 75, 57, 76, 58, 77, 59, 78, 60, 94, 61, 80, 62, 83, 63
   220 00000561 3A4D3B4E3C5E3D503E-
   221 0000056A 533F               
   222 0000056C 5D4061415442554356-     	db 93, 64, 97, 65, 84, 66, 85, 67, 86, 68, 151, 69, 148, 70, 89, 71, 90, 72, 91, 73
   223 00000575 449745944659475A48-
   224 0000057E 5B49               
   225 00000580 9C4A814B6C4C5F4D60-     	db 156, 74, 129, 75, 108, 76, 95, 77, 96, 78, 153, 79, 147, 80, 99, 81, 100, 82, 101, 83
   226 00000589 4E994F935063516452-
   227 00000592 6553               
   228 00000594 66546755685669576A-     	db 102, 84, 103, 85, 104, 86, 105, 87, 106, 88, 107, 89, 108, 90, 109, 91, 110, 92, 111, 93
   229 0000059D 586B596C5A6D5B6E5C-
   230 000005A6 6F5D               
   231 000005A8 200E210F2210231124-     	db 32, 14, 33, 15, 34, 16, 35, 17, 36, 18, 37, 19, 38, 20, 39, 21, 40, 22, 41, 23
   232 000005B1 122513261427152816-
   233 000005BA 2917               
   234 000005BC 2A182B192C1A2D1B78-     	db 42, 24, 43, 25, 44, 26, 45, 27, 120, 28, 96, 29, 55, 30, 49, 31, 50, 32, 65, 33
   235 000005C5 1C601D371E311F3220-
   236 000005CE 4121               
   237 000005D0 57223C233624372538-     	db 87, 34, 60, 35, 54, 36, 55, 37, 56, 38, 149, 39, 122, 40, 59, 41, 60, 42, 75, 43
   238 000005D9 2695277A283B293C2A-
   239 000005E2 4B2B               
   240 000005E4 402C3F2D402E412F42-     	db 64, 44, 63, 45, 64, 46, 65, 47, 66, 48, 76, 49, 68, 50, 69, 51, 70, 52, 71, 53
   241 000005ED 304C31443245334634-
   242 000005F6 4735               
   243 000005F8 873672374A384B394C-     	db 135, 54, 114, 55, 74, 56, 75, 57, 76, 58, 77, 59, 86, 60, 79, 61, 80, 62, 81, 63
   244 00000601 3A4D3B563C4F3D503E-
   245 0000060A 513F               
   246 0000060C 524053415642634356-     	db 82, 64, 83, 65, 86, 66, 99, 67, 86, 68, 87, 69, 180, 70, 89, 71, 90, 72, 91, 73
   247 00000615 445745B44659475A48-
   248 0000061E 5B49               
   249 00000620 5C4A9D4B824C6D4D60-     	db 92, 74, 157, 75, 130, 76, 109, 77, 96, 78, 97, 79, 118, 80, 102, 81, 100, 82, 101, 83
   250 00000629 4E614F765066516452-
   251 00000632 6553               
   252 00000634 66546755685669576A-     	db 102, 84, 103, 85, 104, 86, 105, 87, 106, 88, 107, 89, 108, 90, 109, 91, 110, 92, 111, 93
   253 0000063D 586B596C5A6D5B6E5C-
   254 00000646 6F5D               
   255 00000648 200E210F2210231124-     	db 32, 14, 33, 15, 34, 16, 35, 17, 36, 18, 37, 19, 38, 20, 39, 21, 40, 22, 41, 23
   256 00000651 122513261427152816-
   257 0000065A 2917               
   258 0000065C 2A182B192C1A2D1B5F-     	db 42, 24, 43, 25, 44, 26, 45, 27, 95, 28, 117, 29, 48, 30, 49, 31, 64, 32, 86, 33
   259 00000665 1C751D301E311F4020-
   260 0000066E 5621               
   261 00000670 342235233624372538-     	db 52, 34, 53, 35, 54, 36, 55, 37, 56, 38, 65, 39, 58, 40, 59, 41, 60, 42, 69, 43
   262 00000679 2641273A283B293C2A-
   263 00000682 452B               
   264 00000684 3E2C3F2D402E412F51-     	db 62, 44, 63, 45, 64, 46, 65, 47, 81, 48, 67, 49, 68, 50, 69, 51, 70, 52, 86, 53
   265 0000068D 304331443245334634-
   266 00000696 5635               
   267 00000698 4836583786384B394C-     	db 72, 54, 88, 55, 134, 56, 75, 57, 76, 58, 77, 59, 78, 60, 139, 61, 80, 62, 81, 63
   268 000006A1 3A4D3B4E3C8B3D503E-
   269 000006AA 513F               
   270 000006AC 5240534154425E4356-     	db 82, 64, 83, 65, 84, 66, 94, 67, 86, 68, 87, 69, 97, 70, 89, 71, 90, 72, 91, 73
   271 000006B5 445745614659475A48-
   272 000006BE 5B49               
   273 000006C0 5C4A5D4B9E4C834D6E-     	db 92, 74, 93, 75, 158, 76, 131, 77, 110, 78, 97, 79, 98, 80, 148, 81, 171, 82, 101, 83
   274 000006C9 4E614F62509451AB52-
   275 000006D2 6553               
   276 000006D4 66546755685669576A-     	db 102, 84, 103, 85, 104, 86, 105, 87, 106, 88, 107, 89, 108, 90, 109, 91, 110, 92, 111, 93
   277 000006DD 586B596C5A6D5B6E5C-
   278 000006E6 6F5D               
   279 000006E8 200E210F2210231124-     	db 32, 14, 33, 15, 34, 16, 35, 17, 36, 18, 37, 19, 38, 20, 39, 21, 40, 22, 41, 23
   280 000006F1 122513261427152816-
   281 000006FA 2917               
   282 000006FC 2A182B192C1A771B65-     	db 42, 24, 43, 25, 44, 26, 119, 27, 101, 28, 47, 29, 48, 30, 49, 31, 85, 32, 58, 33
   283 00000705 1C2F1D301E311F5520-
   284 0000070E 3A21               
   285 00000710 342235233624372538-     	db 52, 34, 53, 35, 54, 36, 55, 37, 56, 38, 57, 39, 118, 40, 122, 41, 123, 42, 121, 43
   286 00000719 26392776287A297B2A-
   287 00000722 792B               
   288 00000724 7D2C4D2D4B2E482F42-     	db 125, 44, 77, 45, 75, 46, 72, 47, 66, 48, 67, 49, 68, 50, 69, 51, 85, 52, 71, 53
   289 0000072D 304331443245335534-
   290 00000736 4735               
   291 00000738 573649374A3887394C-     	db 87, 54, 73, 55, 74, 56, 135, 57, 76, 58, 77, 59, 78, 60, 79, 61, 144, 62, 92, 63
   292 00000741 3A4D3B4E3C4F3D903E-
   293 0000074A 5C3F               
   294 0000074C 604092416342944395-     	db 96, 64, 146, 65, 99, 66, 148, 67, 149, 68, 102, 69, 88, 70, 89, 71, 90, 72, 91, 73
   295 00000755 446645584659475A48-
   296 0000075E 5B49               
   297 00000760 5C4A5D4B5E4C9F4D84-     	db 92, 74, 93, 75, 94, 76, 159, 77, 132, 78, 97, 79, 98, 80, 173, 81, 149, 82, 101, 83
   298 00000769 4E614F6250AD519552-
   299 00000772 6553               
   300 00000774 66546755685669576A-     	db 102, 84, 103, 85, 104, 86, 105, 87, 106, 88, 107, 89, 108, 90, 109, 91, 110, 92, 111, 93
   301 0000077D 586B596C5A6D5B6E5C-
   302 00000786 6F5D               
   303 00000788 200E210F2210231124-     	db 32, 14, 33, 15, 34, 16, 35, 17, 36, 18, 37, 19, 38, 20, 39, 21, 40, 22, 41, 23
   304 00000791 122513261427152816-
   305 0000079A 2917               
   306 0000079C 2A182B192C1A5E1B74-     	db 42, 24, 43, 25, 44, 26, 94, 27, 116, 28, 47, 29, 48, 30, 49, 31, 85, 32, 51, 33
   307 000007A5 1C2F1D301E311F5520-
   308 000007AE 3321               
   309 000007B0 342235233624372538-     	db 52, 34, 53, 35, 54, 36, 55, 37, 56, 38, 57, 39, 58, 40, 59, 41, 95, 42, 61, 43
   310 000007B9 2639273A283B295F2A-
   311 000007C2 3D2B               
   312 000007C4 3E2C3F2D402E412F42-     	db 62, 44, 63, 45, 64, 46, 65, 47, 66, 48, 67, 49, 68, 50, 84, 51, 133, 52, 86, 53
   313 000007CD 304331443254338534-
   314 000007D6 5635               
   315 000007D8 483649374A384B3988-     	db 72, 54, 73, 55, 74, 56, 75, 57, 136, 58, 77, 59, 78, 60, 79, 61, 80, 62, 81, 63
   316 000007E1 3A4D3B4E3C4F3D503E-
   317 000007EA 513F               
   318 000007EC 52405341544255437A-     	db 82, 64, 83, 65, 84, 66, 85, 67, 122, 68, 87, 69, 88, 70, 89, 71, 90, 72, 91, 73
   319 000007F5 445745584659475A48-
   320 000007FE 5B49               
   321 00000800 5C4A5D4B5E4C5F4D84-     	db 92, 74, 93, 75, 94, 76, 95, 77, 132, 78, 97, 79, 98, 80, 99, 81, 149, 82, 176, 83
   322 00000809 4E614F625063519552-
   323 00000812 B053               
   324 00000814 66546755685669576A-     	db 102, 84, 103, 85, 104, 86, 105, 87, 106, 88, 107, 89, 108, 90, 109, 91, 110, 92, 111, 93
   325 0000081D 586B596C5A6D5B6E5C-
   326 00000826 6F5D               
   327 00000828 200E210F2210231124-     	db 32, 14, 33, 15, 34, 16, 35, 17, 36, 18, 37, 19, 38, 20, 39, 21, 40, 22, 41, 23
   328 00000831 122513261427152816-
   329 0000083A 2917               
   330 0000083C 2A182B192C1A5E1B74-     	db 42, 24, 43, 25, 44, 26, 94, 27, 116, 28, 47, 29, 48, 30, 49, 31, 85, 32, 51, 33
   331 00000845 1C2F1D301E311F5520-
   332 0000084E 3321               
   333 00000850 342235233624372538-     	db 52, 34, 53, 35, 54, 36, 55, 37, 56, 38, 120, 39, 58, 40, 59, 41, 95, 42, 61, 43
   334 00000859 2678273A283B295F2A-
   335 00000862 3D2B               
   336 00000864 3E2C3F2D402E412F42-     	db 62, 44, 63, 45, 64, 46, 65, 47, 66, 48, 67, 49, 68, 50, 129, 51, 133, 52, 131, 53
   337 0000086D 304331443281338534-
   338 00000876 8335               
   339 00000878 8736883789388A395B-     	db 135, 54, 136, 55, 137, 56, 138, 57, 91, 58, 77, 59, 78, 60, 79, 61, 80, 62, 81, 63
   340 00000881 3A4D3B4E3C4F3D503E-
   341 0000088A 513F               
   342 0000088C 52405341544255437A-     	db 82, 64, 83, 65, 84, 66, 85, 67, 122, 68, 87, 69, 88, 70, 152, 71, 90, 72, 91, 73
   343 00000895 445745584698475A48-
   344 0000089E 5B49               
   345 000008A0 5C4A5D4B5E4C5F4D84-     	db 92, 74, 93, 75, 94, 76, 95, 77, 132, 78, 97, 79, 98, 80, 99, 81, 149, 82, 139, 83
   346 000008A9 4E614F625063519552-
   347 000008B2 8B53               
   348 000008B4 66546755685669576A-     	db 102, 84, 103, 85, 104, 86, 105, 87, 106, 88, 107, 89, 108, 90, 109, 91, 110, 92, 111, 93
   349 000008BD 586B596C5A6D5B6E5C-
   350 000008C6 6F5D               
   351 000008C8 200E210F2210231124-     	db 32, 14, 33, 15, 34, 16, 35, 17, 36, 18, 37, 19, 38, 20, 39, 21, 40, 22, 41, 23
   352 000008D1 122513261427152816-
   353 000008DA 2917               
   354 000008DC 2A182B192C1A5E1B5A-     	db 42, 24, 43, 25, 44, 26, 94, 27, 90, 28, 47, 29, 48, 30, 49, 31, 85, 32, 51, 33
   355 000008E5 1C2F1D301E311F5520-
   356 000008EE 3321               
   357 000008F0 342235233624372538-     	db 52, 34, 53, 35, 54, 36, 55, 37, 56, 38, 117, 39, 122, 40, 70, 41, 74, 42, 124, 43
   358 000008F9 2675277A2846294A2A-
   359 00000902 7C2B               
   360 00000904 7D2C3F2D402E412F42-     	db 125, 44, 63, 45, 64, 46, 65, 47, 66, 48, 67, 49, 131, 50, 132, 51, 133, 52, 134, 53
   361 0000090D 304331833284338534-
   362 00000916 8635               
   363 00000918 8736883789384B394C-     	db 135, 54, 136, 55, 137, 56, 75, 57, 76, 58, 77, 59, 78, 60, 79, 61, 143, 62, 144, 63
   364 00000921 3A4D3B4E3C4F3D8F3E-
   365 0000092A 903F               
   366 0000092C 914092419342944364-     	db 145, 64, 146, 65, 147, 66, 148, 67, 100, 68, 98, 69, 95, 70, 104, 71, 90, 72, 91, 73
   367 00000935 4462455F4668475A48-
   368 0000093E 5B49               
   369 00000940 5C4A5D4B5E4C5F4D84-     	db 92, 74, 93, 75, 94, 76, 95, 77, 132, 78, 97, 79, 98, 80, 99, 81, 149, 82, 139, 83
   370 00000949 4E614F625063519552-
   371 00000952 8B53               
   372 00000954 66546755685669576A-     	db 102, 84, 103, 85, 104, 86, 105, 87, 106, 88, 107, 89, 108, 90, 109, 91, 110, 92, 111, 93
   373 0000095D 586B596C5A6D5B6E5C-
   374 00000966 6F5D               
   375 00000968 200E210F2210231124-     	db 32, 14, 33, 15, 34, 16, 35, 17, 36, 18, 37, 19, 38, 20, 39, 21, 40, 22, 41, 23
   376 00000971 122513261427152816-
   377 0000097A 2917               
   378 0000097C 2A182B192C1A4F1B34-     	db 42, 24, 43, 25, 44, 26, 79, 27, 52, 28, 47, 29, 48, 30, 49, 31, 85, 32, 65, 33
   379 00000985 1C2F1D301E311F5520-
   380 0000098E 4121               
   381 00000990 342235233624372538-     	db 52, 34, 53, 35, 54, 36, 55, 37, 56, 38, 57, 39, 118, 40, 59, 41, 60, 42, 61, 43
   382 00000999 26392776283B293C2A-
   383 000009A2 3D2B               
   384 000009A4 7A2C9B2D402E412F42-     	db 122, 44, 155, 45, 64, 46, 65, 47, 66, 48, 67, 49, 160, 50, 161, 51, 70, 52, 71, 53
   385 000009AD 304331A032A1334634-
   386 000009B6 4735               
   387 000009B8 483649374A38A7394C-     	db 72, 54, 73, 55, 74, 56, 167, 57, 76, 58, 77, 59, 78, 60, 79, 61, 172, 62, 173, 63
   388 000009C1 3A4D3B4E3C4F3DAC3E-
   389 000009CA AD3F               
   390 000009CC 524053415442554356-     	db 82, 64, 83, 65, 84, 66, 85, 67, 86, 68, 87, 69, 103, 70, 89, 71, 90, 72, 91, 73
   391 000009D5 445745674659475A48-
   392 000009DE 5B49               
   393 000009E0 5C4A5D4B5E4C5F4D84-     	db 92, 74, 93, 75, 94, 76, 95, 77, 132, 78, 97, 79, 98, 80, 99, 81, 149, 82, 171, 83
   394 000009E9 4E614F625063519552-
   395 000009F2 AB53               
   396 000009F4 66546755685669576A-     	db 102, 84, 103, 85, 104, 86, 105, 87, 106, 88, 107, 89, 108, 90, 109, 91, 110, 92, 111, 93
   397 000009FD 586B596C5A6D5B6E5C-
   398 00000A06 6F5D               
   399 00000A08 200E210F2210231124-     	db 32, 14, 33, 15, 34, 16, 35, 17, 36, 18, 37, 19, 38, 20, 39, 21, 40, 22, 41, 23
   400 00000A11 122513261427152816-
   401 00000A1A 2917               
   402 00000A1C 2A182B192C1A771B5F-     	db 42, 24, 43, 25, 44, 26, 119, 27, 95, 28, 47, 29, 48, 30, 49, 31, 114, 32, 86, 33
   403 00000A25 1C2F1D301E311F7220-
   404 00000A2E 5621               
   405 00000A30 422235233624372538-     	db 66, 34, 53, 35, 54, 36, 55, 37, 56, 38, 57, 39, 58, 40, 119, 41, 60, 42, 61, 43
   406 00000A39 2639273A2877293C2A-
   407 00000A42 3D2B               
   408 00000A44 3E2C9B2D7F2E802F81-     	db 62, 44, 155, 45, 127, 46, 128, 47, 129, 48, 130, 49, 160, 50, 84, 51, 70, 52, 71, 53
   409 00000A4D 308231A03254334634-
   410 00000A56 4735               
   411 00000A58 483649374A38A7398B-     	db 72, 54, 73, 55, 74, 56, 167, 57, 139, 58, 140, 59, 141, 60, 142, 61, 172, 62, 96, 63
   412 00000A61 3A8C3B8D3C8E3DAC3E-
   413 00000A6A 603F               
   414 00000A6C 914092415442554356-     	db 145, 64, 146, 65, 84, 66, 85, 67, 86, 68, 102, 69, 88, 70, 89, 71, 90, 72, 91, 73
   415 00000A75 446645584659475A48-
   416 00000A7E 5B49               
   417 00000A80 5C4A5D4B6C4C834D67-     	db 92, 74, 93, 75, 108, 76, 131, 77, 103, 78, 97, 79, 98, 80, 99, 81, 174, 82, 156, 83
   418 00000A89 4E614F62506351AE52-
   419 00000A92 9C53               
   420 00000A94 66546755685669576A-     	db 102, 84, 103, 85, 104, 86, 105, 87, 106, 88, 107, 89, 108, 90, 109, 91, 110, 92, 111, 93
   421 00000A9D 586B596C5A6D5B6E5C-
   422 00000AA6 6F5D               
   423 00000AA8 200E210F2210231124-     	db 32, 14, 33, 15, 34, 16, 35, 17, 36, 18, 37, 19, 38, 20, 39, 21, 40, 22, 41, 23
   424 00000AB1 122513261427152816-
   425 00000ABA 2917               
   426 00000ABC 2A182B192C1A2D1B62-     	db 42, 24, 43, 25, 44, 26, 45, 27, 98, 28, 96, 29, 48, 30, 49, 31, 50, 32, 115, 33
   427 00000AC5 1C601D301E311F3220-
   428 00000ACE 7321               
   429 00000AD0 572243233624372538-     	db 87, 34, 67, 35, 54, 36, 55, 37, 56, 38, 57, 39, 58, 40, 59, 41, 120, 42, 75, 43
   430 00000AD9 2639273A283B29782A-
   431 00000AE2 4B2B               
   432 00000AE4 7D2C3F2D402E412F82-     	db 125, 44, 63, 45, 64, 46, 65, 47, 130, 48, 78, 49, 82, 50, 132, 51, 133, 52, 134, 53
   433 00000AED 304E31523284338534-
   434 00000AF6 8635               
   435 00000AF8 8736883789388A398B-     	db 135, 54, 136, 55, 137, 56, 138, 57, 139, 58, 140, 59, 141, 60, 94, 61, 143, 62, 144, 63
   436 00000B01 3A8C3B8D3C5E3D8F3E-
   437 00000B0A 903F               
   438 00000B0C 91406241B042944365-     	db 145, 64, 98, 65, 176, 66, 148, 67, 101, 68, 87, 69, 88, 70, 89, 71, 90, 72, 91, 73
   439 00000B15 445745584659475A48-
   440 00000B1E 5B49               
   441 00000B20 5C4A6B4B824C664D60-     	db 92, 74, 107, 75, 130, 76, 102, 77, 96, 78, 97, 79, 98, 80, 173, 81, 149, 82, 165, 83
   442 00000B29 4E614F6250AD519552-
   443 00000B32 A553               
   444 00000B34 66546755685669576A-     	db 102, 84, 103, 85, 104, 86, 105, 87, 106, 88, 107, 89, 108, 90, 109, 91, 110, 92, 111, 93
   445 00000B3D 586B596C5A6D5B6E5C-
   446 00000B46 6F5D               
   447 00000B48 200E210F2210231124-     	db 32, 14, 33, 15, 34, 16, 35, 17, 36, 18, 37, 19, 38, 20, 39, 21, 40, 22, 41, 23
   448 00000B51 122513261427152816-
   449 00000B5A 2917               
   450 00000B5C 2A182B192C1A2D1B2E-     	db 42, 24, 43, 25, 44, 26, 45, 27, 46, 28, 72, 29, 97, 30, 49, 31, 50, 32, 51, 33
   451 00000B65 1C481D611E311F3220-
   452 00000B6E 3321               
   453 00000B70 742258234424372538-     	db 116, 34, 88, 35, 68, 36, 55, 37, 56, 38, 57, 39, 58, 40, 59, 41, 60, 42, 96, 43
   454 00000B79 2639273A283B293C2A-
   455 00000B82 602B               
   456 00000B84 4C2C7F2D4B2E4F2F81-     	db 76, 44, 127, 45, 75, 46, 79, 47, 129, 48, 67, 49, 68, 50, 69, 51, 70, 52, 71, 53
   457 00000B8D 304331443245334634-
   458 00000B96 4735               
   459 00000B98 483649374A384B394C-     	db 72, 54, 73, 55, 74, 56, 75, 57, 76, 58, 77, 59, 170, 60, 79, 61, 80, 62, 81, 63
   460 00000BA1 3A4D3BAA3C4F3D503E-
   461 00000BAA 513F               
   462 00000BAC AE406241624279435D-     	db 174, 64, 98, 65, 98, 66, 121, 67, 93, 68, 87, 69, 88, 70, 89, 71, 90, 72, 91, 73
   463 00000BB5 445745584659475A48-
   464 00000BBE 5B49               
   465 00000BC0 6A4A814B654C5F4D60-     	db 106, 74, 129, 75, 101, 76, 95, 77, 96, 78, 97, 79, 172, 80, 148, 81, 107, 82, 101, 83
   466 00000BC9 4E614FAC5094516B52-
   467 00000BD2 6553               
   468 00000BD4 66546755685669576A-     	db 102, 84, 103, 85, 104, 86, 105, 87, 106, 88, 107, 89, 108, 90, 109, 91, 110, 92, 111, 93
   469 00000BDD 586B596C5A6D5B6E5C-
   470 00000BE6 6F5D               
   471 00000BE8 200E210F2210231124-     	db 32, 14, 33, 15, 34, 16, 35, 17, 36, 18, 37, 19, 38, 20, 39, 21, 40, 22, 41, 23
   472 00000BF1 122513261427152816-
   473 00000BFA 2917               
   474 00000BFC 2A182B192C1A2D1B2E-     	db 42, 24, 43, 25, 44, 26, 45, 27, 46, 28, 47, 29, 50, 30, 98, 31, 121, 32, 51, 33
   475 00000C05 1C2F1D321E621F7920-
   476 00000C0E 3321               
   477 00000C10 342275235924452538-     	db 52, 34, 117, 35, 89, 36, 69, 37, 56, 38, 57, 39, 58, 40, 59, 41, 60, 42, 125, 43
   478 00000C19 2639273A283B293C2A-
   479 00000C22 7D2B               
   480 00000C24 612C4D2D402E412F42-     	db 97, 44, 77, 45, 64, 46, 65, 47, 66, 48, 131, 49, 70, 50, 80, 51, 83, 52, 84, 53
   481 00000C2D 308331463250335334-
   482 00000C36 5435               
   483 00000C38 553656375738583959-     	db 85, 54, 86, 55, 87, 56, 88, 57, 89, 58, 84, 59, 78, 60, 79, 61, 80, 62, 88, 63
   484 00000C41 3A543B4E3C4F3D503E-
   485 00000C4A 583F               
   486 00000C4C 5240614178425C4356-     	db 82, 64, 97, 65, 120, 66, 92, 67, 86, 68, 87, 69, 88, 70, 89, 71, 90, 72, 105, 73
   487 00000C55 445745584659475A48-
   488 00000C5E 6949               
   489 00000C60 804A644B5E4C5F4D60-     	db 128, 74, 100, 75, 94, 76, 95, 77, 96, 78, 177, 79, 153, 80, 163, 81, 100, 82, 101, 83
   490 00000C69 4EB14F9950A3516452-
   491 00000C72 6553               
   492 00000C74 66546755685669576A-     	db 102, 84, 103, 85, 104, 86, 105, 87, 106, 88, 107, 89, 108, 90, 109, 91, 110, 92, 111, 93
   493 00000C7D 586B596C5A6D5B6E5C-
   494 00000C86 6F5D               
   495 00000C88 200E210F2210231124-     	db 32, 14, 33, 15, 34, 16, 35, 17, 36, 18, 37, 19, 38, 20, 39, 21, 40, 22, 41, 23
   496 00000C91 122513261427152816-
   497 00000C9A 2917               
   498 00000C9C 2A182B192C1A2D1B2E-     	db 42, 24, 43, 25, 44, 26, 45, 27, 46, 28, 47, 29, 48, 30, 111, 31, 105, 32, 100, 33
   499 00000CA5 1C2F1D301E6F1F6920-
   500 00000CAE 6421               
   501 00000CB0 8D22352376245A2546-     	db 141, 34, 53, 35, 118, 36, 90, 37, 70, 38, 57, 39, 58, 40, 59, 41, 60, 42, 61, 43
   502 00000CB9 2639273A283B293C2A-
   503 00000CC2 3D2B               
   504 00000CC4 7E2C622D4E2E412F42-     	db 126, 44, 98, 45, 78, 46, 65, 47, 66, 48, 67, 49, 68, 50, 69, 51, 70, 52, 71, 53
   505 00000CCD 304331443245334634-
   506 00000CD6 4735               
   507 00000CD8 483672374A384B394C-     	db 72, 54, 114, 55, 74, 56, 75, 57, 76, 58, 77, 59, 78, 60, 79, 61, 80, 62, 81, 63
   508 00000CE1 3A4D3B4E3C4F3D503E-
   509 00000CEA 513F               
   510 00000CEC 604077415B42554356-     	db 96, 64, 119, 65, 91, 66, 85, 67, 86, 68, 87, 69, 88, 70, 152, 71, 104, 72, 127, 73
   511 00000CF5 445745584698476848-
   512 00000CFE 7F49               
   513 00000D00 634A5D4BB74C964D62-     	db 99, 74, 93, 75, 183, 76, 150, 77, 98, 78, 97, 79, 98, 80, 99, 81, 100, 82, 101, 83
   514 00000D09 4E614F625063516452-
   515 00000D12 6553               
   516 00000D14 66546755685669576A-     	db 102, 84, 103, 85, 104, 86, 105, 87, 106, 88, 107, 89, 108, 90, 109, 91, 110, 92, 111, 93
   517 00000D1D 586B596C5A6D5B6E5C-
   518 00000D26 6F5D               
   519 00000D28 200E210F2210231124-     	db 32, 14, 33, 15, 34, 16, 35, 17, 36, 18, 37, 19, 38, 20, 39, 21, 40, 22, 41, 23
   520 00000D31 122513261427152816-
   521 00000D3A 2917               
   522 00000D3C 2A182B192C1A2D1B2E-     	db 42, 24, 43, 25, 44, 26, 45, 27, 46, 28, 47, 29, 48, 30, 49, 31, 50, 32, 113, 33
   523 00000D45 1C2F1D301E311F3220-
   524 00000D4E 7121               
   525 00000D50 4D2266238F24762578-     	db 77, 34, 102, 35, 143, 36, 118, 37, 120, 38, 92, 39, 72, 40, 59, 41, 60, 42, 61, 43
   526 00000D59 265C2748283B293C2A-
   527 00000D62 3D2B               
   528 00000D64 3E2C7F2D632E4F2F42-     	db 62, 44, 127, 45, 99, 46, 79, 47, 66, 48, 67, 49, 68, 50, 69, 51, 70, 52, 71, 53
   529 00000D6D 304331443245334634-
   530 00000D76 4735               
   531 00000D78 483672374A384B394C-     	db 72, 54, 114, 55, 74, 56, 75, 57, 76, 58, 77, 59, 78, 60, 79, 61, 80, 62, 95, 63
   532 00000D81 3A4D3B4E3C4F3D503E-
   533 00000D8A 5F3F               
   534 00000D8C 76405A415442554356-     	db 118, 64, 90, 65, 84, 66, 85, 67, 86, 68, 150, 69, 102, 70, 125, 71, 90, 72, 165, 73
   535 00000D95 44964566467D475A48-
   536 00000D9E A549               
   537 00000DA0 A34A944B604C5F4D60-     	db 163, 74, 148, 75, 96, 76, 95, 77, 96, 78, 97, 79, 98, 80, 99, 81, 100, 82, 101, 83
   538 00000DA9 4E614F625063516452-
   539 00000DB2 6553               
   540 00000DB4 66546755685669576A-     	db 102, 84, 103, 85, 104, 86, 105, 87, 106, 88, 107, 89, 108, 90, 109, 91, 110, 92, 111, 93
   541 00000DBD 586B596C5A6D5B6E5C-
   542 00000DC6 6F5D               
   543 00000DC8 200E210F2210231124-     	db 32, 14, 33, 15, 34, 16, 35, 17, 36, 18, 37, 19, 38, 20, 39, 21, 40, 22, 41, 23
   544 00000DD1 122513261427152816-
   545 00000DDA 2917               
   546 00000DDC 2A182B192C1A2D1B2E-     	db 42, 24, 43, 25, 44, 26, 45, 27, 46, 28, 47, 29, 48, 30, 49, 31, 50, 32, 51, 33
   547 00000DE5 1C2F1D301E311F3220-
   548 00000DEE 3321               
   549 00000DF0 34223523762450256F-     	db 52, 34, 53, 35, 118, 36, 80, 37, 111, 38, 106, 39, 129, 40, 94, 41, 74, 42, 124, 43
   550 00000DF9 266A2781285E294A2A-
   551 00000E02 7C2B               
   552 00000E04 7D2C3F2D802E642F50-     	db 125, 44, 63, 45, 128, 46, 100, 47, 80, 48, 67, 49, 68, 50, 69, 51, 70, 52, 71, 53
   553 00000E0D 304331443245334634-
   554 00000E16 4735               
   555 00000E18 483672374A384B394C-     	db 72, 54, 114, 55, 74, 56, 75, 57, 76, 58, 77, 59, 78, 60, 79, 61, 94, 62, 117, 63
   556 00000E21 3A4D3B4E3C4F3D5E3E-
   557 00000E2A 753F               
   558 00000E2C 594053415442944364-     	db 89, 64, 83, 65, 84, 66, 148, 67, 100, 68, 123, 69, 168, 70, 121, 71, 122, 72, 93, 73
   559 00000E35 447B45A84679477A48-
   560 00000E3E 5D49               
   561 00000E40 9C4A5D4B5E4C5F4D60-     	db 156, 74, 93, 75, 94, 76, 95, 77, 96, 78, 97, 79, 98, 80, 99, 81, 100, 82, 101, 83
   562 00000E49 4E614F625063516452-
   563 00000E52 6553               
   564 00000E54 66546755685669576A-     	db 102, 84, 103, 85, 104, 86, 105, 87, 106, 88, 107, 89, 108, 90, 109, 91, 110, 92, 111, 93
   565 00000E5D 586B596C5A6D5B6E5C-
   566 00000E66 6F5D               
   567 00000E68 200E210F2210231124-     	db 32, 14, 33, 15, 34, 16, 35, 17, 36, 18, 37, 19, 38, 20, 39, 21, 40, 22, 41, 23
   568 00000E71 122513261427152816-
   569 00000E7A 2917               
   570 00000E7C 2A182B192C1A2D1B2E-     	db 42, 24, 43, 25, 44, 26, 45, 27, 46, 28, 47, 29, 48, 30, 49, 31, 50, 32, 51, 33
   571 00000E85 1C2F1D301E311F3220-
   572 00000E8E 3321               
   573 00000E90 342235233624372538-     	db 52, 34, 53, 35, 54, 36, 55, 37, 56, 38, 57, 39, 122, 40, 61, 41, 62, 42, 86, 43
   574 00000E99 2639277A283D293E2A-
   575 00000EA2 562B               
   576 00000EA4 752C702D712E882F89-     	db 117, 44, 112, 45, 113, 46, 136, 47, 137, 48, 156, 49, 157, 50, 158, 51, 159, 52, 160, 53
   577 00000EAD 309C319D329E339F34-
   578 00000EB6 A035               
   579 00000EB8 A1369037A338A439A5-     	db 161, 54, 144, 55, 163, 56, 164, 57, 165, 58, 166, 59, 167, 60, 128, 61, 151, 62, 152, 63
   580 00000EC1 3AA63BA73C803D973E-
   581 00000ECA 983F               
   582 00000ECC 83408A4185427D4358-     	db 131, 64, 138, 65, 133, 66, 125, 67, 88, 68, 89, 69, 88, 70, 89, 71, 90, 72, 91, 73
   583 00000ED5 445945584659475A48-
   584 00000EDE 5B49               
   585 00000EE0 5C4A5D4B5E4C5F4D60-     	db 92, 74, 93, 75, 94, 76, 95, 77, 96, 78, 97, 79, 98, 80, 99, 81, 100, 82, 101, 83
   586 00000EE9 4E614F625063516452-
   587 00000EF2 6553               
   588 00000EF4 66546755685669576A-     	db 102, 84, 103, 85, 104, 86, 105, 87, 106, 88, 107, 89, 108, 90, 109, 91, 110, 92, 111, 93
   589 00000EFD 586B596C5A6D5B6E5C-
   590 00000F06 6F5D               
   591                                  
   592 00000F08 0A                      	cr:  db 0ah  ;;; carriage return character
   593                                  
   594                                  SECTION .bss
   595 00000000 <res 00000050>          CURR: RESB ROWS
   596                                  SECTION .text
   597                                  global _main
   598                                  _main:
   599                                  col_loop:
   600 00000000 D0E8                    	shr al, 1
   601 00000002 FF05[04000000]          	inc dword [CURRCOL]
   602 00000008 D0E0                    	shl al, 1
   603 0000000A A1[04000000]            	mov eax, [CURRCOL]
   604 0000000F BA18000000              	mov edx, COLS
   605 00000014 83EA01                  	sub edx, 1
   606 00000017 39D0                    	cmp eax, edx
   607 00000019 0F8D87000000            	jnl break
   608 0000001F C705[00000000]5000-     	mov dword [CURRROW], ROWS
   609 00000027 0000               
   610                                  
   611                                  row_loop:
   612 00000029 FF0D[00000000]          	dec dword [CURRROW]
   613 0000002F A1[00000000]            	mov eax, [CURRROW]
   614 00000034 83F8FF                  	cmp eax, -1
   615 00000037 7E3C                    	jng print
   616 00000039 A1[04000000]            	mov eax, [CURRCOL]
   617 0000003E BB50000000              	mov ebx, ROWS
   618 00000043 F7E3                    	mul ebx
   619 00000045 0305[00000000]          	add eax, dword [CURRROW]
   620 0000004B BB02000000              	mov ebx, 2
   621 00000050 F7E3                    	mul ebx
   622 00000052 89C3                    	mov ebx, eax
   623 00000054 BA[08000000]            	mov edx, surprise
   624                                  	;refers back to surprise matrix
   625 00000059 0FB60C1A                	movzx ecx, byte [edx + ebx]
   626 0000005D A1[00000000]            	mov eax, [CURRROW]
   627 00000062 29C1                    	sub ecx, eax
   628 00000064 BB[00000000]            	mov ebx, CURR
   629 00000069 031D[00000000]          	add ebx, [CURRROW]
   630 0000006F 89C8                    	mov eax, ecx
   631                                  
   632 00000071 8803                    	mov BYTE[ebx], al
   633                                  
   634 00000073 EBB4                    	jmp row_loop
   635                                  
   636                                  print:
   637 00000075 B804000000              	mov eax, 4
   638 0000007A BB01000000              	mov ebx, 1
   639 0000007F B9[00000000]            	mov ecx, CURR
   640 00000084 BA50000000              	mov edx, ROWS
   641 00000089 CD80                    	int 80h
   642                                  
   643 0000008B B804000000              	mov eax, 4
   644 00000090 BB01000000              	mov ebx, 1
   645 00000095 B9[080F0000]            	mov ecx, cr
   646                                  	;cr
   647 0000009A BA01000000              	mov edx, 1
   648 0000009F CD80                    	int 80h
   649                                  
   650 000000A1 E95AFFFFFF              	jmp col_loop
   651                                  
   652                                  break:
   653                                  
   654                                  lastBreak:
   655                                  ; put your code here.
   656                                  
   657                                  
   658                                  
   659                                  ; Normal termination code
   660 000000A6 B801000000              mov eax, 1
   661 000000AB BB00000000              mov ebx, 0
   662 000000B0 CD80                    int 80h
