     1                                  ; Hayden Amazon
     2                                  ; CSC322
     3                                  ; 10/2/23
     4                                  ; Assignment
     5                                  
     6                                  SECTION .data
     7                                  ; define data/variables here.  Think DB, DW, DD, DQ
     8                                  
     9 00000000 01FE03FC05              bArray:		DB		1,-2,3,-4,5
    10 00000005 6400C8002C019001F4-     wArray:		DW		100,200,300,400,500
    11 0000000E 01                 
    12 0000000F BEFEFFFFDEFCFFFF2E-     dArray:		DD		-322,-322h,-322q,-1833,-1833h
    13 00000018 FFFFFFD7F8FFFFCDE7-
    14 00000021 FFFF               
    15 00000023 00                      bArraySum:	DB		0
    16 00000024 0000                    wArraySum:	DW		0
    17 00000026 00000000                dArraySum:	DD		0
    18 0000002A 00000000                grandTotal:	DD		0
    19                                  
    20                                  SECTION .bss
    21                                  ; define uninitialized data here
    22                                  
    23                                  SECTION .text
    24                                  global _main
    25                                  _main:
    26                                  
    27                                  ; put your code here.
    28                                  
    29                                  ;first byte size array
    30 00000000 A0[00000000]            mov al, [bArray]
    31 00000005 0205[01000000]          add al, [bArray + 1]
    32 0000000B 0205[02000000]          add al, [bArray + 2]
    33 00000011 0205[03000000]          add al, [bArray + 3]
    34 00000017 0205[04000000]          add al, [bArray + 4]
    35 0000001D A2[23000000]            mov [bArraySum], al
    36                                  
    37                                  ;second word size array
    38 00000022 66A1[05000000]          mov ax, [wArray]
    39 00000028 660305[07000000]        add ax, [wArray + 2]
    40 0000002F 660305[09000000]        add ax, [wArray + 4]
    41 00000036 660305[0B000000]        add ax, [wArray + 6]
    42 0000003D 660305[0D000000]        add ax, [wArray + 8]
    43 00000044 66A3[24000000]          mov [wArraySum], ax
    44                                  
    45                                  ;third dword size array
    46 0000004A A1[0F000000]            mov eax, [dArray]
    47 0000004F 0305[13000000]          add eax, [dArray + 4]
    48 00000055 0305[17000000]          add eax, [dArray + 8]
    49 0000005B 0305[1B000000]          add eax, [dArray + 12]
    50 00000061 0305[1F000000]          add eax, [dArray + 16]
    51 00000067 A3[26000000]            mov [dArraySum], eax
    52                                  
    53                                  ;grandTotal sum
    54 0000006C 0FBE05[23000000]        movsx eax, byte [bArraySum]
    55 00000073 0105[2A000000]          add [grandTotal], eax
    56                                  
    57 00000079 0FBF05[24000000]        movsx eax, word [wArraySum]
    58 00000080 0105[2A000000]          add [grandTotal], eax
    59                                  
    60 00000086 A1[26000000]            mov eax, dword [dArraySum]
    61 0000008B 0105[2A000000]          add [grandTotal], eax
    62                                  
    63                                  lastBreak:
    64                                  ; Normal termination code
    65 00000091 B801000000              mov eax, 1
    66 00000096 BB00000000              mov ebx, 0
    67 0000009B CD80                    int 80h
