     1                                  ; Hayden Amazon
     2                                  ; p4
     3                                  ; 10/10/23
     4                                  ; Etc......
     5                                  
     6                                  SECTION .data
     7                                  ; define data/variables here.  Think DB, DW, DD, DQ
     8 00000000 10                      	fib db 16
     9                                  SECTION .bss
    10                                  ; define uninitialized data here
    11 00000000 <res 00000040>          Fibs: RESD 16
    12                                  
    13                                  SECTION .text
    14                                  global _main
    15                                  _main:
    16 00000000 B8[00000000]            	mov eax, Fibs
    17                                  	;mov Fibs into eax
    18 00000005 BB00000000              	mov ebx, 0
    19                                  	;mov 0 into ebx
    20 0000000A 8918                    	mov [eax], ebx
    21                                  
    22 0000000C 83C004                  	add eax, 4
    23 0000000F BB01000000              	mov ebx, 1
    24 00000014 8918                    	mov [eax], ebx
    25                                  
    26 00000016 BA02000000              	mov edx, 2
    27                                  	loop:
    28                                  	;loop which gets the previous fib num in the ebx (eax - 4) and adds the one prior (eax - 8)
    29 0000001B 83C004                  		add eax, 4
    30 0000001E 8B58FC                  		mov ebx, [eax - 4]
    31 00000021 0358F8                  		add ebx, [eax - 8]
    32 00000024 8918                    		mov [eax], ebx
    33                                  	;loop finished
    34 00000026 42                      	inc edx
    35 00000027 3B15[00000000]          	cmp edx, dword [fib]
    36 0000002D 75EC                    	jnz loop
    37                                  lastBreak:
    38                                  ; put your code here.
    39                                  
    40                                  
    41                                  
    42                                  ; Normal termination code
    43 0000002F B801000000              mov eax, 1
    44 00000034 BB00000000              mov ebx, 0
    45 00000039 CD80                    int 80h
